[debug] [2022-06-24T17:18:55.309Z] ----------------------------------------------------------------------
[debug] [2022-06-24T17:18:55.316Z] Command:       C:\Program Files\nodejs\node.exe C:\Users\Hectic\AppData\Roaming\npm\node_modules\firebase-tools\lib\bin\firebase.js init
[debug] [2022-06-24T17:18:55.318Z] CLI Version:   11.1.0
[debug] [2022-06-24T17:18:55.318Z] Platform:      win32
[debug] [2022-06-24T17:18:55.318Z] Node Version:  v16.14.0
[debug] [2022-06-24T17:18:55.320Z] Time:          Fri Jun 24 2022 19:18:55 GMT+0200 (srednjoeuropsko ljetno vrijeme)
[debug] [2022-06-24T17:18:55.321Z] ----------------------------------------------------------------------
[debug] 
[debug] [2022-06-24T17:18:55.341Z] > command requires scopes: ["email","openid","https://www.googleapis.com/auth/cloudplatformprojects.readonly","https://www.googleapis.com/auth/firebase","https://www.googleapis.com/auth/cloud-platform"]
[debug] [2022-06-24T17:18:55.342Z] > authorizing via signed-in user (dominikvukelic22@gmail.com)
[info] 
     ######## #### ########  ######## ########     ###     ######  ########
     ##        ##  ##     ## ##       ##     ##  ##   ##  ##       ##
     ######    ##  ########  ######   ########  #########  ######  ######
     ##        ##  ##    ##  ##       ##     ## ##     ##       ## ##
     ##       #### ##     ## ######## ########  ##     ##  ######  ########

You're about to initialize a Firebase project in this directory:

  C:\React\puregain

Before we get started, keep in mind:

  * You are currently outside your home directory

